{
    "9b2342cc7764fcea1a14d84f5279944ae4ea1011a924aa712ddcc9ace8838cc9#1": {
        "address": "addr_test1wqdmdc5drxjt806r7purkcuhu8qv30s4sflus8dsk3vcczce73yfk",
        "datum": null,
        "inlineDatum": {
            "constructor": 0,
            "fields": [
                {
                    "bytes": "088f57f0a75dd74ef0ba3673172bbd1dd9b38c7828a9d178a4437139"
                },
                {
                    "bytes": "7a9647d2048870a0726f78621863e03797dc17b946473a35ded45f75"
                },
                {
                    "bytes": "41646f7369615f44657369676e735f"
                },
                {
                    "int": 0
                },
                {
                    "bytes": "4deda63cdbb8d8110ff05c1395341038c5dc408dc7c94b3896eed616"
                },
                {
                    "int": 10000000
                }
            ]
        },
        "inlineDatumhash": "be6d4f7d4c2a9ae6dea88a12b5fadf1ead7d79e03d8d3d1653426f3fabd644ea",
        "referenceScript": null,
        "value": {
            "7cf62c9e3165fb5ff1a9cdcb31682a79a0856a56e63eac241dfb2a77": {
                "41646f7369615f44657369676e735f30": 1
            },
            "lovelace": 1607630
        }
    },
    "bb8c86f1a7d3f45e96fa017853f0c653d89e143e842fcb8c933009a22658430b#1": {
        "address": "addr_test1wqdmdc5drxjt806r7purkcuhu8qv30s4sflus8dsk3vcczce73yfk",
        "datum": null,
        "inlineDatum": {
            "constructor": 0,
            "fields": [
                {
                    "bytes": "ea1d8d515ee3c9bce32ba54ced6b882324c09fd75cd2c7f3aacfb88d"
                },
                {
                    "bytes": "7a9647d2048870a0726f78621863e03797dc17b946473a35ded45f75"
                },
                {
                    "bytes": "41646f7369615f44657369676e735f31"
                },
                {
                    "int": 0
                },
                {
                    "bytes": "4deda63cdbb8d8110ff05c1395341038c5dc408dc7c94b3896eed616"
                },
                {
                    "int": 10000000
                }
            ]
        },
        "inlineDatumhash": "f4dcbfcd6d567adbf82e3b796219111906d0aad15b35f3559b34ef05c29ed920",
        "referenceScript": null,
        "value": {
            "7cf62c9e3165fb5ff1a9cdcb31682a79a0856a56e63eac241dfb2a77": {
                "41646f7369615f44657369676e735f31": 1
            },
            "lovelace": 1611940
        }
    }
}