{
    "a4800dab7f89a834043460104d543ec669a5c979093e8fe27a93e0e24d25d151#0": {
        "address": "addr_test1wz9kej966tu5s2dxnl2d2pjsk9g0fuz8qh7j8kupyweyfrgjjqk2r",
        "datum": null,
        "inlineDatum": {
            "constructor": 0,
            "fields": [
                {
                    "bytes": "ad46f5c66acbe9eea3cd2567f42ab6036353b18d6041ca9f0587502a"
                },
                {
                    "bytes": ""
                },
                {
                    "bytes": "41646f7369615f44657369676e735f3138"
                },
                {
                    "int": 0
                },
                {
                    "bytes": "11d629780ea97f2434442199eaaed55cda2ae628bc3b9146bd0812f5"
                },
                {
                    "int": 10000000
                },
                {
                    "int": 0
                }
            ]
        },
        "inlineDatumhash": "f9647062207722a6df250d802bf3090fa5bca4d593ff5ef1c3262a0d258fedf1",
        "referenceScript": null,
        "value": {
            "7cf62c9e3165fb5ff1a9cdcb31682a79a0856a56e63eac241dfb2a77": {
                "41646f7369615f44657369676e735f3138": 1
            },
            "lovelace": 1499880
        }
    }
}