{
    "f4ea4d1a08cbe1fce17c703bc3f89788803fda074e9838861f2b724a8e45a3b1#0": {
        "address": "addr_test1wpxmlxw8g3l7vfuhdwwatumyeasvcx07jas628jhjx2p3ps8f4fpc",
        "datum": null,
        "inlineDatum": {
            "constructor": 0,
            "fields": [
                {
                    "bytes": "7cf62c9e3165fb5ff1a9cdcb31682a79a0856a56e63eac241dfb2a77"
                },
                {
                    "int": 19
                },
                {
                    "bytes": "41646f7369615f44657369676e735f"
                }
            ]
        },
        "inlineDatumhash": "3312e33e99d686db2f2fb48ae9a6f2c8a70a28b48f2cadb9cc3a33a7b47de6eb",
        "referenceScript": null,
        "value": {
            "4e57975183ebb751878fae25c1c9973d06be0d99b8a970224fa7fa36": {
                "41646f7369615f44657369676e735f537461727465725f546f6b656e": 1
            },
            "lovelace": 1512810
        }
    }
}